============================= test session starts =============================
platform win32 -- Python 3.13.12, pytest-9.0.2, pluggy-1.6.0
benchmark: 5.2.3 (defaults: timer=time.perf_counter disable_gc=False min_rounds=5 min_time=0.000005 max_time=1.0 calibration_precision=10 warmup=False warmup_iterations=100000)
rootdir: E:\Project\EGX
configfile: pyproject.toml
plugins: hypothesis-6.151.9, benchmark-5.2.3, cov-7.0.0, timeout-2.4.0
collected 84 items

tests\unit\api\test_config.py ..                                         [  2%]
tests\unit\api\test_trainer.py .                                         [  3%]
tests\unit\core\memory\test_formatting.py ..                             [  5%]
tests\unit\core\memory\test_units.py ..                                  [  8%]
tests\unit\core\memory\test_validators.py ..                             [ 10%]
tests\unit\core\memory\test_value.py ....                                [ 15%]
tests\unit\core\test_constants.py ..                                     [ 17%]
tests\unit\core\test_enums.py .....                                      [ 23%]
tests\unit\core\test_exceptions.py ....                                  [ 28%]
tests\unit\core\test_models.py ...                                       [ 32%]
tests\unit\dsa\test_binary_search.py .                                   [ 33%]
tests\unit\dsa\test_dijkstra.py .                                        [ 34%]
tests\unit\dsa\test_fibonacci_heap.py ..                                 [ 36%]
tests\unit\dsa\test_kahns_bfs.py ..                                      [ 39%]
tests\unit\dsa\test_red_black_tree.py ..                                 [ 41%]
tests\unit\dsa\test_segment_tree.py .                                    [ 42%]
tests\unit\dsa\test_skip_list.py .                                       [ 44%]
tests\unit\dsa\test_trie.py ..                                           [ 46%]
tests\unit\infrastructure\test_gpu_probe.py ..                           [ 48%]
tests\unit\infrastructure\test_structured_logger.py ..                   [ 51%]
tests\unit\intelligence\estimator\calibration\test_cache.py ...          [ 54%]
tests\unit\intelligence\estimator\calibration\test_regression.py ..      [ 57%]
tests\unit\intelligence\planner\test_memory_planner.py .                 [ 58%]
tests\unit\intelligence\planner\test_timeline_planner.py .               [ 59%]
tests\unit\intelligence\planner\test_topology_planner.py .               [ 60%]
tests\unit\intelligence\strategy\test_parallel_advisor.py .              [ 61%]
tests\unit\intelligence\strategy\test_scorer.py .                        [ 63%]
tests\unit\models\test_registry.py ...                                   [ 66%]
tests\unit\orchestration\pressure\test_elastic_batch.py ..               [ 69%]
tests\unit\orchestration\pressure\test_eviction_policy.py .              [ 70%]
tests\unit\orchestration\swapper\test_ram_to_nvme.py .                   [ 71%]
tests\unit\peft\test_lora.py ..                                          [ 73%]
tests\unit\peft\test_lora_plus.py .                                      [ 75%]
tests\unit\peft\test_qlora.py .                                          [ 76%]
tests\unit\resilience\checkpoint\test_manager.py ..                      [ 78%]
tests\unit\resilience\checkpoint\test_reader.py .                        [ 79%]
tests\unit\resilience\checkpoint\test_writer.py .                        [ 80%]
tests\unit\resilience\test_sanitizer.py ...                              [ 84%]
tests\unit\resilience\test_watchdog.py .                                 [ 85%]
tests\unit\runtime\test_engine.py .                                      [ 86%]
tests\unit\test_dsa_core.py .....                                        [ 92%]
tests\unit\test_layer1_hardening.py ....                                 [ 97%]
tests\unit\training\test_kernel.py .                                     [ 98%]
tests\unit\training\test_mixed_precision.py .                            [100%]

============================== warnings summary ===============================
egx\infrastructure\gpu_probe.py:14
  E:\Project\EGX\egx\infrastructure\gpu_probe.py:14: FutureWarning: The pynvml package is deprecated. Please install nvidia-ml-py instead. If you did not install pynvml directly, please report this to the maintainers of the package that installed pynvml for you.
    import pynvml

-- Docs: https://docs.pytest.org/en/stable/how-to/capture-warnings.html
======================== 84 passed, 1 warning in 2.90s ========================
